2024-06-09 20:01:07 [main] INFO  dev.nick.itsecuritylektion7.Itsecuritylektion7Application - Starting Itsecuritylektion7Application using Java 22.0.1 with PID 54000 (G:\Code\itsecuritylektion7\target\classes started by Mr Maquina in G:\Code\itsecuritylektion7)
2024-06-09 20:01:07 [main] INFO  dev.nick.itsecuritylektion7.Itsecuritylektion7Application - No active profile set, falling back to 1 default profile: "default"
2024-06-09 20:01:07 [main] INFO  org.springframework.boot.web.embedded.tomcat.TomcatWebServer - Tomcat initialized with port 8080 (http)
2024-06-09 20:01:07 [main] INFO  org.apache.coyote.http11.Http11NioProtocol - Initializing ProtocolHandler ["http-nio-8080"]
2024-06-09 20:01:07 [main] INFO  org.apache.catalina.core.StandardService - Starting service [Tomcat]
2024-06-09 20:01:07 [main] INFO  org.apache.catalina.core.StandardEngine - Starting Servlet engine: [Apache Tomcat/10.1.24]
2024-06-09 20:01:07 [main] INFO  org.apache.catalina.core.ContainerBase.[Tomcat].[localhost].[/] - Initializing Spring embedded WebApplicationContext
2024-06-09 20:01:07 [main] INFO  org.springframework.boot.web.servlet.context.ServletWebServerApplicationContext - Root WebApplicationContext: initialization completed in 602 ms
2024-06-09 20:01:07 [main] INFO  org.springframework.security.web.DefaultSecurityFilterChain - Will secure any request with [org.springframework.security.web.session.DisableEncodeUrlFilter@7fdd43cd, org.springframework.security.web.context.request.async.WebAsyncManagerIntegrationFilter@3a38f122, org.springframework.security.web.context.SecurityContextHolderFilter@7e8279e5, org.springframework.security.web.header.HeaderWriterFilter@64763e49, org.springframework.web.filter.CorsFilter@2ce03e86, org.springframework.security.web.csrf.CsrfFilter@47b33e07, org.springframework.security.web.authentication.logout.LogoutFilter@4e22368c, org.springframework.security.oauth2.client.web.OAuth2AuthorizationRequestRedirectFilter@7b53b1ad, org.springframework.security.oauth2.client.web.OAuth2LoginAuthenticationFilter@7fbd3e75, org.springframework.security.web.authentication.ui.DefaultLoginPageGeneratingFilter@e9474f, org.springframework.security.web.authentication.ui.DefaultLogoutPageGeneratingFilter@1c628f6a, org.springframework.security.web.savedrequest.RequestCacheAwareFilter@3caafa67, org.springframework.security.web.servletapi.SecurityContextHolderAwareRequestFilter@53747c4a, org.springframework.security.web.authentication.AnonymousAuthenticationFilter@9b47400, org.springframework.security.web.access.ExceptionTranslationFilter@58f2466c, org.springframework.security.web.access.intercept.FilterSecurityInterceptor@1d4f5506]
2024-06-09 20:01:08 [main] INFO  org.apache.coyote.http11.Http11NioProtocol - Starting ProtocolHandler ["http-nio-8080"]
2024-06-09 20:01:08 [main] INFO  org.springframework.boot.web.embedded.tomcat.TomcatWebServer - Tomcat started on port 8080 (http) with context path '/'
2024-06-09 20:01:08 [main] INFO  dev.nick.itsecuritylektion7.Itsecuritylektion7Application - Started Itsecuritylektion7Application in 1.248 seconds (process running for 1.726)
2024-06-09 20:01:12 [http-nio-8080-exec-2] INFO  org.apache.catalina.core.ContainerBase.[Tomcat].[localhost].[/] - Initializing Spring DispatcherServlet 'dispatcherServlet'
2024-06-09 20:01:12 [http-nio-8080-exec-2] INFO  org.springframework.web.servlet.DispatcherServlet - Initializing Servlet 'dispatcherServlet'
2024-06-09 20:01:12 [http-nio-8080-exec-2] INFO  org.springframework.web.servlet.DispatcherServlet - Completed initialization in 1 ms
2024-06-09 20:01:36 [http-nio-8080-exec-6] INFO  dev.nick.itsecuritylektion7.LoggingController - Division av 5 / 3 = 1
2024-06-09 20:01:43 [http-nio-8080-exec-7] INFO  dev.nick.itsecuritylektion7.LoggingController - Division av 6 / 3 = 2
2024-06-09 20:01:50 [http-nio-8080-exec-8] ERROR dev.nick.itsecuritylektion7.LoggingController - / by zero
2024-06-09 20:02:53 [main] INFO  dev.nick.itsecuritylektion7.Itsecuritylektion7Application - Starting Itsecuritylektion7Application using Java 22.0.1 with PID 52204 (G:\Code\itsecuritylektion7\target\classes started by Mr Maquina in G:\Code\itsecuritylektion7)
2024-06-09 20:02:53 [main] INFO  dev.nick.itsecuritylektion7.Itsecuritylektion7Application - No active profile set, falling back to 1 default profile: "default"
2024-06-09 20:02:54 [main] INFO  org.springframework.boot.web.embedded.tomcat.TomcatWebServer - Tomcat initialized with port 8080 (http)
2024-06-09 20:02:54 [main] INFO  org.springframework.boot.web.servlet.context.ServletWebServerApplicationContext - Root WebApplicationContext: initialization completed in 578 ms
2024-06-09 20:02:54 [main] INFO  org.springframework.security.web.DefaultSecurityFilterChain - Will secure any request with [org.springframework.security.web.session.DisableEncodeUrlFilter@1c628f6a, org.springframework.security.web.context.request.async.WebAsyncManagerIntegrationFilter@9b47400, org.springframework.security.web.context.SecurityContextHolderFilter@3e546734, org.springframework.security.web.header.HeaderWriterFilter@7e8279e5, org.springframework.web.filter.CorsFilter@747835f5, org.springframework.security.web.csrf.CsrfFilter@13ed066e, org.springframework.security.web.authentication.logout.LogoutFilter@3e046e39, org.springframework.security.oauth2.client.web.OAuth2AuthorizationRequestRedirectFilter@7fbd3e75, org.springframework.security.oauth2.client.web.OAuth2LoginAuthenticationFilter@3a38f122, org.springframework.security.web.authentication.ui.DefaultLoginPageGeneratingFilter@59838256, org.springframework.security.web.authentication.ui.DefaultLogoutPageGeneratingFilter@594131f2, org.springframework.security.web.savedrequest.RequestCacheAwareFilter@64b0d1fa, org.springframework.security.web.servletapi.SecurityContextHolderAwareRequestFilter@12d2ddde, org.springframework.security.web.authentication.AnonymousAuthenticationFilter@51d0ec6f, org.springframework.security.web.access.ExceptionTranslationFilter@23468512, org.springframework.security.web.access.intercept.FilterSecurityInterceptor@6e02721d]
2024-06-09 20:02:54 [main] INFO  org.springframework.boot.web.embedded.tomcat.TomcatWebServer - Tomcat started on port 8080 (http) with context path '/'
2024-06-09 20:02:54 [main] INFO  dev.nick.itsecuritylektion7.Itsecuritylektion7Application - Started Itsecuritylektion7Application in 1.175 seconds (process running for 1.593)
2024-06-09 20:03:13 [http-nio-8080-exec-1] INFO  org.springframework.web.servlet.DispatcherServlet - Initializing Servlet 'dispatcherServlet'
2024-06-09 20:03:13 [http-nio-8080-exec-1] INFO  org.springframework.web.servlet.DispatcherServlet - Completed initialization in 1 ms
2024-06-09 20:03:14 [http-nio-8080-exec-3] ERROR dev.nick.itsecuritylektion7.LoggingController - / by zero
2024-06-09 20:03:25 [http-nio-8080-exec-5] INFO  dev.nick.itsecuritylektion7.LoggingController - Division av 6 / 3 = 2
2024-06-09 20:08:12 [main] INFO  org.springframework.boot.web.embedded.tomcat.TomcatWebServer - Tomcat initialized with port 8080 (http)
2024-06-09 20:08:12 [main] INFO  org.springframework.boot.web.servlet.context.ServletWebServerApplicationContext - Root WebApplicationContext: initialization completed in 572 ms
2024-06-09 20:08:12 [main] INFO  org.springframework.security.web.DefaultSecurityFilterChain - Will secure any request with [org.springframework.security.web.session.DisableEncodeUrlFilter@7fdd43cd, org.springframework.security.web.context.request.async.WebAsyncManagerIntegrationFilter@3a38f122, org.springframework.security.web.context.SecurityContextHolderFilter@7e8279e5, org.springframework.security.web.header.HeaderWriterFilter@64763e49, org.springframework.web.filter.CorsFilter@2ce03e86, org.springframework.security.web.csrf.CsrfFilter@47b33e07, org.springframework.security.web.authentication.logout.LogoutFilter@4e22368c, org.springframework.security.oauth2.client.web.OAuth2AuthorizationRequestRedirectFilter@7b53b1ad, org.springframework.security.oauth2.client.web.OAuth2LoginAuthenticationFilter@7fbd3e75, org.springframework.security.web.authentication.ui.DefaultLoginPageGeneratingFilter@e9474f, org.springframework.security.web.authentication.ui.DefaultLogoutPageGeneratingFilter@1c628f6a, org.springframework.security.web.savedrequest.RequestCacheAwareFilter@3caafa67, org.springframework.security.web.servletapi.SecurityContextHolderAwareRequestFilter@53747c4a, org.springframework.security.web.authentication.AnonymousAuthenticationFilter@9b47400, org.springframework.security.web.access.ExceptionTranslationFilter@58f2466c, org.springframework.security.web.access.intercept.FilterSecurityInterceptor@1d4f5506]
2024-06-09 20:08:12 [main] INFO  org.springframework.boot.web.embedded.tomcat.TomcatWebServer - Tomcat started on port 8080 (http) with context path '/'
2024-06-09 20:08:22 [http-nio-8080-exec-1] INFO  org.springframework.web.servlet.DispatcherServlet - Initializing Servlet 'dispatcherServlet'
2024-06-09 20:08:22 [http-nio-8080-exec-1] INFO  org.springframework.web.servlet.DispatcherServlet - Completed initialization in 1 ms
2024-06-09 20:08:23 [http-nio-8080-exec-4] ERROR dev.nick.itsecuritylektion7.LoggingController - / by zero
2024-06-09 20:08:40 [main] INFO  org.springframework.boot.web.embedded.tomcat.TomcatWebServer - Tomcat initialized with port 8080 (http)
2024-06-09 20:08:40 [main] INFO  org.springframework.boot.web.servlet.context.ServletWebServerApplicationContext - Root WebApplicationContext: initialization completed in 560 ms
2024-06-09 20:08:41 [main] INFO  org.springframework.security.web.DefaultSecurityFilterChain - Will secure any request with [org.springframework.security.web.session.DisableEncodeUrlFilter@3a38f122, org.springframework.security.web.context.request.async.WebAsyncManagerIntegrationFilter@2ce03e86, org.springframework.security.web.context.SecurityContextHolderFilter@2b53840a, org.springframework.security.web.header.HeaderWriterFilter@23468512, org.springframework.web.filter.CorsFilter@1c628f6a, org.springframework.security.web.csrf.CsrfFilter@7126e26, org.springframework.security.web.authentication.logout.LogoutFilter@411cd156, org.springframework.security.oauth2.client.web.OAuth2AuthorizationRequestRedirectFilter@3cc053, org.springframework.security.oauth2.client.web.OAuth2LoginAuthenticationFilter@198536f6, org.springframework.security.web.authentication.ui.DefaultLoginPageGeneratingFilter@1c61eda5, org.springframework.security.web.authentication.ui.DefaultLogoutPageGeneratingFilter@9b47400, org.springframework.security.web.savedrequest.RequestCacheAwareFilter@3e546734, org.springframework.security.web.servletapi.SecurityContextHolderAwareRequestFilter@64b0d1fa, org.springframework.security.web.authentication.AnonymousAuthenticationFilter@747835f5, org.springframework.security.web.access.ExceptionTranslationFilter@5809fa26, org.springframework.security.web.access.intercept.FilterSecurityInterceptor@7dee835]
2024-06-09 20:08:41 [main] INFO  org.springframework.boot.web.embedded.tomcat.TomcatWebServer - Tomcat started on port 8080 (http) with context path '/'
2024-06-09 20:08:48 [http-nio-8080-exec-1] INFO  org.springframework.web.servlet.DispatcherServlet - Initializing Servlet 'dispatcherServlet'
2024-06-09 20:08:48 [http-nio-8080-exec-1] INFO  org.springframework.web.servlet.DispatcherServlet - Completed initialization in 0 ms
2024-06-09 20:09:01 [http-nio-8080-exec-10] ERROR dev.nick.itsecuritylektion7.LoggingController - / by zero
